Started GET "/" for 127.0.0.1 at 2020-09-14 10:09:40 +0530
Processing by Rails::WelcomeController#index as HTML
  Rendering /usr/share/rubygems-integration/all/gems/railties-5.2.3/lib/rails/templates/rails/welcome/index.html.erb
  Rendered /usr/share/rubygems-integration/all/gems/railties-5.2.3/lib/rails/templates/rails/welcome/index.html.erb (4.5ms)
Completed 200 OK in 62ms (Views: 40.0ms | ActiveRecord: 0.0ms)


Started GET "/" for 127.0.0.1 at 2020-09-14 10:13:01 +0530
Processing by Rails::WelcomeController#index as HTML
  Rendering /usr/share/rubygems-integration/all/gems/railties-5.2.3/lib/rails/templates/rails/welcome/index.html.erb
  Rendered /usr/share/rubygems-integration/all/gems/railties-5.2.3/lib/rails/templates/rails/welcome/index.html.erb (2.6ms)
Completed 200 OK in 7ms (Views: 6.1ms | ActiveRecord: 0.0ms)


Started GET "/" for 127.0.0.1 at 2020-09-14 12:45:22 +0530
  
ActionController::RoutingError (uninitialized constant TeachersController):
  
/usr/lib/ruby/vendor_ruby/bootsnap/load_path_cache/core_ext/active_support.rb:80:in `block in load_missing_constant'
/usr/lib/ruby/vendor_ruby/bootsnap/load_path_cache/core_ext/active_support.rb:9:in `without_bootsnap_cache'
/usr/lib/ruby/vendor_ruby/bootsnap/load_path_cache/core_ext/active_support.rb:80:in `rescue in load_missing_constant'
/usr/lib/ruby/vendor_ruby/bootsnap/load_path_cache/core_ext/active_support.rb:59:in `load_missing_constant'
activesupport (5.2.3) lib/active_support/inflector/methods.rb:283:in `const_get'
activesupport (5.2.3) lib/active_support/inflector/methods.rb:283:in `block in constantize'
activesupport (5.2.3) lib/active_support/inflector/methods.rb:281:in `each'
activesupport (5.2.3) lib/active_support/inflector/methods.rb:281:in `inject'
activesupport (5.2.3) lib/active_support/inflector/methods.rb:281:in `constantize'
actionpack (5.2.3) lib/action_dispatch/http/request.rb:88:in `controller_class_for'
actionpack (5.2.3) lib/action_dispatch/http/request.rb:81:in `controller_class'
actionpack (5.2.3) lib/action_dispatch/routing/route_set.rb:46:in `controller'
actionpack (5.2.3) lib/action_dispatch/routing/route_set.rb:32:in `serve'
actionpack (5.2.3) lib/action_dispatch/journey/router.rb:52:in `block in serve'
actionpack (5.2.3) lib/action_dispatch/journey/router.rb:35:in `each'
actionpack (5.2.3) lib/action_dispatch/journey/router.rb:35:in `serve'
actionpack (5.2.3) lib/action_dispatch/routing/route_set.rb:840:in `call'
/usr/lib/ruby/vendor_ruby/rack/tempfile_reaper.rb:15:in `call'
/usr/lib/ruby/vendor_ruby/rack/etag.rb:25:in `call'
/usr/lib/ruby/vendor_ruby/rack/conditional_get.rb:25:in `call'
/usr/lib/ruby/vendor_ruby/rack/head.rb:12:in `call'
actionpack (5.2.3) lib/action_dispatch/http/content_security_policy.rb:18:in `call'
/usr/lib/ruby/vendor_ruby/rack/session/abstract/id.rb:232:in `context'
/usr/lib/ruby/vendor_ruby/rack/session/abstract/id.rb:226:in `call'
actionpack (5.2.3) lib/action_dispatch/middleware/cookies.rb:670:in `call'
activerecord (5.2.3) lib/active_record/migration.rb:559:in `call'
actionpack (5.2.3) lib/action_dispatch/middleware/callbacks.rb:28:in `block in call'
activesupport (5.2.3) lib/active_support/callbacks.rb:98:in `run_callbacks'
actionpack (5.2.3) lib/action_dispatch/middleware/callbacks.rb:26:in `call'
actionpack (5.2.3) lib/action_dispatch/middleware/executor.rb:14:in `call'
actionpack (5.2.3) lib/action_dispatch/middleware/debug_exceptions.rb:61:in `call'
/usr/lib/ruby/vendor_ruby/web_console/middleware.rb:135:in `call_app'
/usr/lib/ruby/vendor_ruby/web_console/middleware.rb:30:in `block in call'
/usr/lib/ruby/vendor_ruby/web_console/middleware.rb:20:in `catch'
/usr/lib/ruby/vendor_ruby/web_console/middleware.rb:20:in `call'
actionpack (5.2.3) lib/action_dispatch/middleware/show_exceptions.rb:33:in `call'
railties (5.2.3) lib/rails/rack/logger.rb:38:in `call_app'
railties (5.2.3) lib/rails/rack/logger.rb:26:in `block in call'
activesupport (5.2.3) lib/active_support/tagged_logging.rb:71:in `block in tagged'
activesupport (5.2.3) lib/active_support/tagged_logging.rb:28:in `tagged'
activesupport (5.2.3) lib/active_support/tagged_logging.rb:71:in `tagged'
railties (5.2.3) lib/rails/rack/logger.rb:26:in `call'
/usr/lib/ruby/vendor_ruby/sprockets/rails/quiet_assets.rb:13:in `call'
actionpack (5.2.3) lib/action_dispatch/middleware/remote_ip.rb:81:in `call'
actionpack (5.2.3) lib/action_dispatch/middleware/request_id.rb:27:in `call'
/usr/lib/ruby/vendor_ruby/rack/method_override.rb:22:in `call'
/usr/lib/ruby/vendor_ruby/rack/runtime.rb:22:in `call'
activesupport (5.2.3) lib/active_support/cache/strategy/local_cache_middleware.rb:29:in `call'
actionpack (5.2.3) lib/action_dispatch/middleware/executor.rb:14:in `call'
actionpack (5.2.3) lib/action_dispatch/middleware/static.rb:127:in `call'
/usr/lib/ruby/vendor_ruby/rack/sendfile.rb:111:in `call'
railties (5.2.3) lib/rails/engine.rb:524:in `call'
/usr/lib/ruby/vendor_ruby/puma/configuration.rb:227:in `call'
/usr/lib/ruby/vendor_ruby/puma/server.rb:675:in `handle_request'
/usr/lib/ruby/vendor_ruby/puma/server.rb:476:in `process_client'
/usr/lib/ruby/vendor_ruby/puma/server.rb:334:in `block in run'
/usr/lib/ruby/vendor_ruby/puma/thread_pool.rb:135:in `block in spawn_thread'
Started GET "/" for 127.0.0.1 at 2020-09-14 12:46:40 +0530
Processing by ManageController#index as HTML
  Rendering manage/index.html.erb within layouts/application
  Rendered manage/index.html.erb within layouts/application (0.5ms)
Completed 200 OK in 4052ms (Views: 4051.0ms | ActiveRecord: 0.0ms)


Started GET "/student" for 127.0.0.1 at 2020-09-14 12:54:56 +0530
Processing by StudiesController#student as HTML
  Rendering studies/student.html.erb within layouts/application
  Rendered studies/student.html.erb within layouts/application (0.3ms)
Completed 200 OK in 80ms (Views: 78.7ms | ActiveRecord: 0.0ms)


Started GET "/student" for 127.0.0.1 at 2020-09-14 12:55:32 +0530
Processing by StudiesController#student as HTML
  Rendering studies/student.html.erb within layouts/application
  Rendered studies/student.html.erb within layouts/application (0.3ms)
Completed 200 OK in 40ms (Views: 38.9ms | ActiveRecord: 0.0ms)


Started GET "/student" for 127.0.0.1 at 2020-09-14 12:59:58 +0530
Processing by StudiesController#student as HTML
  Rendering studies/student.html.erb within layouts/application
  Rendered studies/student.html.erb within layouts/application (0.8ms)
Completed 200 OK in 37ms (Views: 35.8ms | ActiveRecord: 0.0ms)


Started GET "/student" for 127.0.0.1 at 2020-09-14 13:00:00 +0530
Processing by StudiesController#student as HTML
  Rendering studies/student.html.erb within layouts/application
  Rendered studies/student.html.erb within layouts/application (0.5ms)
Completed 200 OK in 38ms (Views: 36.8ms | ActiveRecord: 0.0ms)


Started GET "/student" for 127.0.0.1 at 2020-09-14 13:00:26 +0530
Processing by StudiesController#student as HTML
  Rendering studies/student.html.erb within layouts/application
  Rendered studies/student.html.erb within layouts/application (1.3ms)
Completed 200 OK in 49ms (Views: 47.3ms | ActiveRecord: 0.0ms)


Started GET "/manage" for 127.0.0.1 at 2020-09-14 13:11:19 +0530
Processing by ManageController#index as HTML
  Rendering manage/index.html.erb within layouts/application
  Rendered manage/index.html.erb within layouts/application (0.5ms)
Completed 200 OK in 40ms (Views: 38.5ms | ActiveRecord: 0.0ms)


Started GET "/manage/new" for 127.0.0.1 at 2020-09-14 13:11:25 +0530
Processing by ManageController#new as HTML
  Rendering manage/new.html.erb within layouts/application
  Rendered manage/new.html.erb within layouts/application (1.9ms)
Completed 200 OK in 54ms (Views: 52.9ms | ActiveRecord: 0.0ms)


Started GET "/manage/new" for 127.0.0.1 at 2020-09-14 13:13:01 +0530
Processing by ManageController#new as HTML
  Rendering manage/new.html.erb within layouts/application
  Rendered manage/new.html.erb within layouts/application (0.3ms)
Completed 200 OK in 59ms (Views: 58.7ms | ActiveRecord: 0.0ms)


Started GET "/manage/new" for 127.0.0.1 at 2020-09-14 13:15:45 +0530
Processing by ManageController#new as HTML
  Rendering manage/new.html.erb within layouts/application
  Rendered manage/new.html.erb within layouts/application (3.3ms)
Completed 500 Internal Server Error in 9ms (ActiveRecord: 0.0ms)


  
ActionView::Template::Error (First argument in form cannot contain nil or be empty):
    1: <h1>Add Teacher</h1>
    2: <%= form_for @person do |f| %>
    3:     <%= f.label :first_name %>:
    4:     <%= f.text_field :first_name %><br />
    5:   
  
app/views/manage/new.html.erb:2:in `_app_views_manage_new_html_erb__1820668952830715095_22660'
Started GET "/manage/new" for 127.0.0.1 at 2020-09-14 13:16:20 +0530
Processing by ManageController#new as HTML
  Rendering manage/new.html.erb within layouts/application
  Rendered manage/new.html.erb within layouts/application (1.7ms)
Completed 500 Internal Server Error in 7ms (ActiveRecord: 0.0ms)


  
ActionView::Template::Error (First argument in form cannot contain nil or be empty):
    1: <h1>Add Teacher</h1>
    2: <%= form_for @manage do |f| %>
    3:     <%= f.label :first_name %>:
    4:     <%= f.text_field :first_name %><br />
    5:   
  
app/views/manage/new.html.erb:2:in `_app_views_manage_new_html_erb__1820668952830715095_23180'
Started GET "/manage/new" for 127.0.0.1 at 2020-09-14 13:19:19 +0530
Processing by ManageController#new as HTML
  Rendering manage/new.html.erb within layouts/application
  Rendered manage/new.html.erb within layouts/application (1.4ms)
Completed 500 Internal Server Error in 4ms (ActiveRecord: 0.0ms)


  
ActionView::Template::Error (First argument in form cannot contain nil or be empty):
    1: <h1>Add Teacher</h1>
    2: <%= form_for @post do |f| %>
    3:     <%= f.label :first_name %>:
    4:     <%= f.text_field :first_name %><br />
    5:   
  
app/views/manage/new.html.erb:2:in `_app_views_manage_new_html_erb__1820668952830715095_23700'
Started GET "/manage/new" for 127.0.0.1 at 2020-09-14 13:19:56 +0530
Processing by ManageController#new as HTML
  Rendering manage/new.html.erb within layouts/application
  Rendered manage/new.html.erb within layouts/application (2.0ms)
Completed 500 Internal Server Error in 5ms (ActiveRecord: 0.0ms)


  
ActionView::Template::Error (First argument in form cannot contain nil or be empty):
    1: <h1>Add Teacher</h1>
    2: <%= form_for @post do |f| %>
    3:     <%= f.label :first_name %>:
    4:     <%= f.text_field :first_name %><br />
    5:   
  
app/views/manage/new.html.erb:2:in `_app_views_manage_new_html_erb__1820668952830715095_24220'
Started GET "/manage/new" for 127.0.0.1 at 2020-09-14 13:23:03 +0530
Processing by ManageController#new as HTML
  Rendering manage/new.html.erb within layouts/application
  Rendered manage/new.html.erb within layouts/application (1.5ms)
Completed 500 Internal Server Error in 6ms (ActiveRecord: 0.0ms)


  
ActionView::Template::Error (First argument in form cannot contain nil or be empty):
    1: <h1>Add Teacher</h1>
    2: <%= form_for @person do |f| %>
    3:     <%= f.label :first_name %>:
    4:     <%= f.text_field :first_name %><br />
    5:   
  
app/views/manage/new.html.erb:2:in `_app_views_manage_new_html_erb__1820668952830715095_24740'
Started GET "/manage/new" for 127.0.0.1 at 2020-09-14 13:24:10 +0530
Processing by ManageController#new as HTML
  Rendering manage/new.html.erb within layouts/application
  Rendered manage/new.html.erb within layouts/application (1.4ms)
Completed 500 Internal Server Error in 4ms (ActiveRecord: 0.0ms)


  
ActionView::Template::Error (First argument in form cannot contain nil or be empty):
    1: <h1>Add Teacher</h1>
    2: <%= form_for @post do |f| %>
    3:     <%= f.label :first_name %>:
    4:     <%= f.text_field :first_name %><br />
    5:   
  
app/views/manage/new.html.erb:2:in `_app_views_manage_new_html_erb__1820668952830715095_25260'
Started GET "/manage/new" for 127.0.0.1 at 2020-09-14 13:30:07 +0530
Processing by ManageController#new as HTML
  Rendering manage/new.html.erb within layouts/application
  Rendered manage/new.html.erb within layouts/application (1.3ms)
Completed 500 Internal Server Error in 5ms (ActiveRecord: 0.0ms)


  
ActionView::Template::Error (First argument in form cannot contain nil or be empty):
    1: <h1>Add Teacher</h1>
    2: <%= form_for @teachers do |f| %>
    3:     <%= f.label :first_name %>:
    4:     <%= f.text_field :first_name %><br />
    5:   
  
app/views/manage/new.html.erb:2:in `_app_views_manage_new_html_erb__1820668952830715095_25800'
Started GET "/manage/new" for 127.0.0.1 at 2020-09-14 13:30:09 +0530
Processing by ManageController#new as HTML
  Rendering manage/new.html.erb within layouts/application
  Rendered manage/new.html.erb within layouts/application (3.1ms)
Completed 500 Internal Server Error in 8ms (ActiveRecord: 0.0ms)


  
ActionView::Template::Error (First argument in form cannot contain nil or be empty):
    1: <h1>Add Teacher</h1>
    2: <%= form_for @teachers do |f| %>
    3:     <%= f.label :first_name %>:
    4:     <%= f.text_field :first_name %><br />
    5:   
  
app/views/manage/new.html.erb:2:in `_app_views_manage_new_html_erb__1820668952830715095_26320'
Started GET "/manage/new" for 127.0.0.1 at 2020-09-14 13:30:11 +0530
Processing by ManageController#new as HTML
  Rendering manage/new.html.erb within layouts/application
  Rendered manage/new.html.erb within layouts/application (1.4ms)
Completed 500 Internal Server Error in 4ms (ActiveRecord: 0.0ms)


  
ActionView::Template::Error (First argument in form cannot contain nil or be empty):
    1: <h1>Add Teacher</h1>
    2: <%= form_for @teachers do |f| %>
    3:     <%= f.label :first_name %>:
    4:     <%= f.text_field :first_name %><br />
    5:   
  
app/views/manage/new.html.erb:2:in `_app_views_manage_new_html_erb__1820668952830715095_26840'
Started GET "/manage/new" for 127.0.0.1 at 2020-09-14 13:30:31 +0530
Processing by ManageController#new as HTML
  Rendering manage/new.html.erb within layouts/application
  Rendered manage/new.html.erb within layouts/application (7.1ms)
Completed 500 Internal Server Error in 10ms (ActiveRecord: 0.0ms)


  
ActionView::Template::Error (uninitialized constant ActionView::CompiledTemplates::Teacher):
    1: <h1>Add Teacher</h1>
    2: <%= form_for Teacher.new do |f| %>
    3:     <%= f.label :first_name %>:
    4:     <%= f.text_field :first_name %><br />
    5:   
  
app/views/manage/new.html.erb:2:in `_app_views_manage_new_html_erb__1820668952830715095_27360'
Started GET "/manage/new" for 127.0.0.1 at 2020-09-14 13:31:41 +0530
Processing by ManageController#new as HTML
  Rendering manage/new.html.erb within layouts/application
  Rendered manage/new.html.erb within layouts/application (2.3ms)
Completed 500 Internal Server Error in 10ms (ActiveRecord: 0.0ms)


  
ActionView::Template::Error (undefined method `new' for :Teacher:Symbol
Did you mean?  next):
    1: <h1>Add Teacher</h1>
    2: <%= form_for :Teacher.new do |f| %>
    3:     <%= f.label :first_name %>:
    4:     <%= f.text_field :first_name %><br />
    5:   
  
app/views/manage/new.html.erb:2:in `_app_views_manage_new_html_erb__1820668952830715095_27880'
Started GET "/manage/new" for 127.0.0.1 at 2020-09-14 13:31:57 +0530
Processing by ManageController#new as HTML
  Rendering manage/new.html.erb within layouts/application
  Rendered manage/new.html.erb within layouts/application (4.1ms)
Completed 500 Internal Server Error in 7ms (ActiveRecord: 0.0ms)


  
ActionView::Template::Error (undefined method `new' for nil:NilClass):
    1: <h1>Add Teacher</h1>
    2: <%= form_for @Teacher.new do |f| %>
    3:     <%= f.label :first_name %>:
    4:     <%= f.text_field :first_name %><br />
    5:   
  
app/views/manage/new.html.erb:2:in `_app_views_manage_new_html_erb__1820668952830715095_28400'
Started GET "/manage/new" for 127.0.0.1 at 2020-09-14 13:47:48 +0530
Processing by ManageController#new as HTML
  Rendering manage/new.html.erb within layouts/application
  Rendered manage/new.html.erb within layouts/application (122.5ms)
Completed 200 OK in 178ms (Views: 174.7ms | ActiveRecord: 0.0ms)


Started POST "/manage/new" for 127.0.0.1 at 2020-09-14 13:49:23 +0530
  
ActionController::RoutingError (No route matches [POST] "/manage/new"):
  
actionpack (5.2.3) lib/action_dispatch/middleware/debug_exceptions.rb:65:in `call'
/usr/lib/ruby/vendor_ruby/web_console/middleware.rb:135:in `call_app'
/usr/lib/ruby/vendor_ruby/web_console/middleware.rb:30:in `block in call'
/usr/lib/ruby/vendor_ruby/web_console/middleware.rb:20:in `catch'
/usr/lib/ruby/vendor_ruby/web_console/middleware.rb:20:in `call'
actionpack (5.2.3) lib/action_dispatch/middleware/show_exceptions.rb:33:in `call'
railties (5.2.3) lib/rails/rack/logger.rb:38:in `call_app'
railties (5.2.3) lib/rails/rack/logger.rb:26:in `block in call'
activesupport (5.2.3) lib/active_support/tagged_logging.rb:71:in `block in tagged'
activesupport (5.2.3) lib/active_support/tagged_logging.rb:28:in `tagged'
activesupport (5.2.3) lib/active_support/tagged_logging.rb:71:in `tagged'
railties (5.2.3) lib/rails/rack/logger.rb:26:in `call'
/usr/lib/ruby/vendor_ruby/sprockets/rails/quiet_assets.rb:13:in `call'
actionpack (5.2.3) lib/action_dispatch/middleware/remote_ip.rb:81:in `call'
actionpack (5.2.3) lib/action_dispatch/middleware/request_id.rb:27:in `call'
/usr/lib/ruby/vendor_ruby/rack/method_override.rb:22:in `call'
/usr/lib/ruby/vendor_ruby/rack/runtime.rb:22:in `call'
activesupport (5.2.3) lib/active_support/cache/strategy/local_cache_middleware.rb:29:in `call'
actionpack (5.2.3) lib/action_dispatch/middleware/executor.rb:14:in `call'
actionpack (5.2.3) lib/action_dispatch/middleware/static.rb:127:in `call'
/usr/lib/ruby/vendor_ruby/rack/sendfile.rb:111:in `call'
railties (5.2.3) lib/rails/engine.rb:524:in `call'
/usr/lib/ruby/vendor_ruby/puma/configuration.rb:227:in `call'
/usr/lib/ruby/vendor_ruby/puma/server.rb:675:in `handle_request'
/usr/lib/ruby/vendor_ruby/puma/server.rb:476:in `process_client'
/usr/lib/ruby/vendor_ruby/puma/server.rb:334:in `block in run'
/usr/lib/ruby/vendor_ruby/puma/thread_pool.rb:135:in `block in spawn_thread'
  [1m[35m (0.2ms)[0m  [1m[34mSELECT sqlite_version(*)[0m
  ↳ /usr/bin/rake:23
  [1m[35m (406.1ms)[0m  [1m[35mCREATE TABLE "schema_migrations" ("version" varchar NOT NULL PRIMARY KEY)[0m
  ↳ /usr/bin/rake:23
  [1m[35m (386.9ms)[0m  [1m[35mCREATE TABLE "ar_internal_metadata" ("key" varchar NOT NULL PRIMARY KEY, "value" varchar, "created_at" datetime NOT NULL, "updated_at" datetime NOT NULL)[0m
  ↳ /usr/bin/rake:23
  [1m[35m (0.3ms)[0m  [1m[34mSELECT "schema_migrations"."version" FROM "schema_migrations" ORDER BY "schema_migrations"."version" ASC[0m
  ↳ /usr/bin/rake:23
Migrating to CreatePosts (20200914082544)
  [1m[35m (0.1ms)[0m  [1m[36mbegin transaction[0m
  ↳ /usr/bin/rake:23
  [1m[35m (1.4ms)[0m  [1m[35mCREATE TABLE "posts" ("id" integer PRIMARY KEY AUTOINCREMENT NOT NULL, "title" varchar, "body" text, "created_at" datetime NOT NULL, "updated_at" datetime NOT NULL)[0m
  ↳ db/migrate/20200914082544_create_posts.rb:3
  [1m[36mActiveRecord::SchemaMigration Create (0.3ms)[0m  [1m[32mINSERT INTO "schema_migrations" ("version") VALUES (?)[0m  [["version", "20200914082544"]]
  ↳ /usr/bin/rake:23
  [1m[35m (365.7ms)[0m  [1m[36mcommit transaction[0m
  ↳ /usr/bin/rake:23
  [1m[36mActiveRecord::InternalMetadata Load (0.2ms)[0m  [1m[34mSELECT  "ar_internal_metadata".* FROM "ar_internal_metadata" WHERE "ar_internal_metadata"."key" = ? LIMIT ?[0m  [["key", "environment"], ["LIMIT", 1]]
  ↳ /usr/bin/rake:23
  [1m[35m (0.1ms)[0m  [1m[36mbegin transaction[0m
  ↳ /usr/bin/rake:23
  [1m[36mActiveRecord::InternalMetadata Create (0.8ms)[0m  [1m[32mINSERT INTO "ar_internal_metadata" ("key", "value", "created_at", "updated_at") VALUES (?, ?, ?, ?)[0m  [["key", "environment"], ["value", "development"], ["created_at", "2020-09-14 08:31:11.146481"], ["updated_at", "2020-09-14 08:31:11.146481"]]
  ↳ /usr/bin/rake:23
  [1m[35m (221.6ms)[0m  [1m[36mcommit transaction[0m
  ↳ /usr/bin/rake:23
  [1m[35m (0.2ms)[0m  [1m[34mSELECT "schema_migrations"."version" FROM "schema_migrations" ORDER BY "schema_migrations"."version" ASC[0m
  ↳ /usr/bin/rake:23
Started POST "/manage/new" for 127.0.0.1 at 2020-09-14 14:10:33 +0530
  [1m[35m (0.2ms)[0m  [1m[34mSELECT "schema_migrations"."version" FROM "schema_migrations" ORDER BY "schema_migrations"."version" ASC[0m
  ↳ /usr/lib/ruby/vendor_ruby/web_console/middleware.rb:135
  
ActionController::RoutingError (No route matches [POST] "/manage/new"):
  
actionpack (5.2.3) lib/action_dispatch/middleware/debug_exceptions.rb:65:in `call'
/usr/lib/ruby/vendor_ruby/web_console/middleware.rb:135:in `call_app'
/usr/lib/ruby/vendor_ruby/web_console/middleware.rb:30:in `block in call'
/usr/lib/ruby/vendor_ruby/web_console/middleware.rb:20:in `catch'
/usr/lib/ruby/vendor_ruby/web_console/middleware.rb:20:in `call'
actionpack (5.2.3) lib/action_dispatch/middleware/show_exceptions.rb:33:in `call'
railties (5.2.3) lib/rails/rack/logger.rb:38:in `call_app'
railties (5.2.3) lib/rails/rack/logger.rb:26:in `block in call'
activesupport (5.2.3) lib/active_support/tagged_logging.rb:71:in `block in tagged'
activesupport (5.2.3) lib/active_support/tagged_logging.rb:28:in `tagged'
activesupport (5.2.3) lib/active_support/tagged_logging.rb:71:in `tagged'
railties (5.2.3) lib/rails/rack/logger.rb:26:in `call'
/usr/lib/ruby/vendor_ruby/sprockets/rails/quiet_assets.rb:13:in `call'
actionpack (5.2.3) lib/action_dispatch/middleware/remote_ip.rb:81:in `call'
actionpack (5.2.3) lib/action_dispatch/middleware/request_id.rb:27:in `call'
/usr/lib/ruby/vendor_ruby/rack/method_override.rb:22:in `call'
/usr/lib/ruby/vendor_ruby/rack/runtime.rb:22:in `call'
activesupport (5.2.3) lib/active_support/cache/strategy/local_cache_middleware.rb:29:in `call'
actionpack (5.2.3) lib/action_dispatch/middleware/executor.rb:14:in `call'
actionpack (5.2.3) lib/action_dispatch/middleware/static.rb:127:in `call'
/usr/lib/ruby/vendor_ruby/rack/sendfile.rb:111:in `call'
railties (5.2.3) lib/rails/engine.rb:524:in `call'
/usr/lib/ruby/vendor_ruby/puma/configuration.rb:227:in `call'
/usr/lib/ruby/vendor_ruby/puma/server.rb:675:in `handle_request'
/usr/lib/ruby/vendor_ruby/puma/server.rb:476:in `process_client'
/usr/lib/ruby/vendor_ruby/puma/server.rb:334:in `block in run'
/usr/lib/ruby/vendor_ruby/puma/thread_pool.rb:135:in `block in spawn_thread'
Started GET "/manage/new" for 127.0.0.1 at 2020-09-14 14:10:37 +0530
Processing by ManageController#new as HTML
  Rendering manage/new.html.erb within layouts/application
  Rendered manage/new.html.erb within layouts/application (2.1ms)
Completed 200 OK in 47ms (Views: 33.9ms | ActiveRecord: 0.0ms)


Started POST "/manage/new" for 127.0.0.1 at 2020-09-14 14:10:41 +0530
  
ActionController::RoutingError (No route matches [POST] "/manage/new"):
  
actionpack (5.2.3) lib/action_dispatch/middleware/debug_exceptions.rb:65:in `call'
/usr/lib/ruby/vendor_ruby/web_console/middleware.rb:135:in `call_app'
/usr/lib/ruby/vendor_ruby/web_console/middleware.rb:30:in `block in call'
/usr/lib/ruby/vendor_ruby/web_console/middleware.rb:20:in `catch'
/usr/lib/ruby/vendor_ruby/web_console/middleware.rb:20:in `call'
actionpack (5.2.3) lib/action_dispatch/middleware/show_exceptions.rb:33:in `call'
railties (5.2.3) lib/rails/rack/logger.rb:38:in `call_app'
railties (5.2.3) lib/rails/rack/logger.rb:26:in `block in call'
activesupport (5.2.3) lib/active_support/tagged_logging.rb:71:in `block in tagged'
activesupport (5.2.3) lib/active_support/tagged_logging.rb:28:in `tagged'
activesupport (5.2.3) lib/active_support/tagged_logging.rb:71:in `tagged'
railties (5.2.3) lib/rails/rack/logger.rb:26:in `call'
/usr/lib/ruby/vendor_ruby/sprockets/rails/quiet_assets.rb:13:in `call'
actionpack (5.2.3) lib/action_dispatch/middleware/remote_ip.rb:81:in `call'
actionpack (5.2.3) lib/action_dispatch/middleware/request_id.rb:27:in `call'
/usr/lib/ruby/vendor_ruby/rack/method_override.rb:22:in `call'
/usr/lib/ruby/vendor_ruby/rack/runtime.rb:22:in `call'
activesupport (5.2.3) lib/active_support/cache/strategy/local_cache_middleware.rb:29:in `call'
actionpack (5.2.3) lib/action_dispatch/middleware/executor.rb:14:in `call'
actionpack (5.2.3) lib/action_dispatch/middleware/static.rb:127:in `call'
/usr/lib/ruby/vendor_ruby/rack/sendfile.rb:111:in `call'
railties (5.2.3) lib/rails/engine.rb:524:in `call'
/usr/lib/ruby/vendor_ruby/puma/configuration.rb:227:in `call'
/usr/lib/ruby/vendor_ruby/puma/server.rb:675:in `handle_request'
/usr/lib/ruby/vendor_ruby/puma/server.rb:476:in `process_client'
/usr/lib/ruby/vendor_ruby/puma/server.rb:334:in `block in run'
/usr/lib/ruby/vendor_ruby/puma/thread_pool.rb:135:in `block in spawn_thread'
Started GET "/manage/new" for 127.0.0.1 at 2020-09-14 14:11:11 +0530
Processing by ManageController#new as HTML
  Rendering manage/new.html.erb within layouts/application
  Rendered manage/new.html.erb within layouts/application (2.8ms)
Completed 500 Internal Server Error in 5ms (ActiveRecord: 0.0ms)


  
ActionView::Template::Error (First argument in form cannot contain nil or be empty):
    1: <h1>Add Teacher</h1>
    2: <%= form_for @post do |f| %>
    3:     <%= f.label :first_name %>:
    4:     <%= f.text_field :first_name %><br />
    5:   
  
app/views/manage/new.html.erb:2:in `_app_views_manage_new_html_erb__1820668952830715095_35400'
Started GET "/manage/new" for 127.0.0.1 at 2020-09-14 14:11:28 +0530
Processing by ManageController#new as HTML
  Rendering manage/new.html.erb within layouts/application
  Rendered manage/new.html.erb within layouts/application (2.9ms)
Completed 200 OK in 48ms (Views: 47.2ms | ActiveRecord: 0.0ms)


Started POST "/manage/new" for 127.0.0.1 at 2020-09-14 14:11:42 +0530
  
ActionController::RoutingError (No route matches [POST] "/manage/new"):
  
actionpack (5.2.3) lib/action_dispatch/middleware/debug_exceptions.rb:65:in `call'
/usr/lib/ruby/vendor_ruby/web_console/middleware.rb:135:in `call_app'
/usr/lib/ruby/vendor_ruby/web_console/middleware.rb:30:in `block in call'
/usr/lib/ruby/vendor_ruby/web_console/middleware.rb:20:in `catch'
/usr/lib/ruby/vendor_ruby/web_console/middleware.rb:20:in `call'
actionpack (5.2.3) lib/action_dispatch/middleware/show_exceptions.rb:33:in `call'
railties (5.2.3) lib/rails/rack/logger.rb:38:in `call_app'
railties (5.2.3) lib/rails/rack/logger.rb:26:in `block in call'
activesupport (5.2.3) lib/active_support/tagged_logging.rb:71:in `block in tagged'
activesupport (5.2.3) lib/active_support/tagged_logging.rb:28:in `tagged'
activesupport (5.2.3) lib/active_support/tagged_logging.rb:71:in `tagged'
railties (5.2.3) lib/rails/rack/logger.rb:26:in `call'
/usr/lib/ruby/vendor_ruby/sprockets/rails/quiet_assets.rb:13:in `call'
actionpack (5.2.3) lib/action_dispatch/middleware/remote_ip.rb:81:in `call'
actionpack (5.2.3) lib/action_dispatch/middleware/request_id.rb:27:in `call'
/usr/lib/ruby/vendor_ruby/rack/method_override.rb:22:in `call'
/usr/lib/ruby/vendor_ruby/rack/runtime.rb:22:in `call'
activesupport (5.2.3) lib/active_support/cache/strategy/local_cache_middleware.rb:29:in `call'
actionpack (5.2.3) lib/action_dispatch/middleware/executor.rb:14:in `call'
actionpack (5.2.3) lib/action_dispatch/middleware/static.rb:127:in `call'
/usr/lib/ruby/vendor_ruby/rack/sendfile.rb:111:in `call'
railties (5.2.3) lib/rails/engine.rb:524:in `call'
/usr/lib/ruby/vendor_ruby/puma/configuration.rb:227:in `call'
/usr/lib/ruby/vendor_ruby/puma/server.rb:675:in `handle_request'
/usr/lib/ruby/vendor_ruby/puma/server.rb:476:in `process_client'
/usr/lib/ruby/vendor_ruby/puma/server.rb:334:in `block in run'
/usr/lib/ruby/vendor_ruby/puma/thread_pool.rb:135:in `block in spawn_thread'
Started POST "/manage/new" for 127.0.0.1 at 2020-09-14 14:22:03 +0530
  
ActionController::RoutingError (No route matches [POST] "/manage/new"):
  
actionpack (5.2.3) lib/action_dispatch/middleware/debug_exceptions.rb:65:in `call'
/usr/lib/ruby/vendor_ruby/web_console/middleware.rb:135:in `call_app'
/usr/lib/ruby/vendor_ruby/web_console/middleware.rb:30:in `block in call'
/usr/lib/ruby/vendor_ruby/web_console/middleware.rb:20:in `catch'
/usr/lib/ruby/vendor_ruby/web_console/middleware.rb:20:in `call'
actionpack (5.2.3) lib/action_dispatch/middleware/show_exceptions.rb:33:in `call'
railties (5.2.3) lib/rails/rack/logger.rb:38:in `call_app'
railties (5.2.3) lib/rails/rack/logger.rb:26:in `block in call'
activesupport (5.2.3) lib/active_support/tagged_logging.rb:71:in `block in tagged'
activesupport (5.2.3) lib/active_support/tagged_logging.rb:28:in `tagged'
activesupport (5.2.3) lib/active_support/tagged_logging.rb:71:in `tagged'
railties (5.2.3) lib/rails/rack/logger.rb:26:in `call'
/usr/lib/ruby/vendor_ruby/sprockets/rails/quiet_assets.rb:13:in `call'
actionpack (5.2.3) lib/action_dispatch/middleware/remote_ip.rb:81:in `call'
actionpack (5.2.3) lib/action_dispatch/middleware/request_id.rb:27:in `call'
/usr/lib/ruby/vendor_ruby/rack/method_override.rb:22:in `call'
/usr/lib/ruby/vendor_ruby/rack/runtime.rb:22:in `call'
activesupport (5.2.3) lib/active_support/cache/strategy/local_cache_middleware.rb:29:in `call'
actionpack (5.2.3) lib/action_dispatch/middleware/executor.rb:14:in `call'
actionpack (5.2.3) lib/action_dispatch/middleware/static.rb:127:in `call'
/usr/lib/ruby/vendor_ruby/rack/sendfile.rb:111:in `call'
railties (5.2.3) lib/rails/engine.rb:524:in `call'
/usr/lib/ruby/vendor_ruby/puma/configuration.rb:227:in `call'
/usr/lib/ruby/vendor_ruby/puma/server.rb:675:in `handle_request'
/usr/lib/ruby/vendor_ruby/puma/server.rb:476:in `process_client'
/usr/lib/ruby/vendor_ruby/puma/server.rb:334:in `block in run'
/usr/lib/ruby/vendor_ruby/puma/thread_pool.rb:135:in `block in spawn_thread'
Started POST "/manage/new" for 127.0.0.1 at 2020-09-14 14:22:09 +0530
  
ActionController::RoutingError (No route matches [POST] "/manage/new"):
  
actionpack (5.2.3) lib/action_dispatch/middleware/debug_exceptions.rb:65:in `call'
/usr/lib/ruby/vendor_ruby/web_console/middleware.rb:135:in `call_app'
/usr/lib/ruby/vendor_ruby/web_console/middleware.rb:30:in `block in call'
/usr/lib/ruby/vendor_ruby/web_console/middleware.rb:20:in `catch'
/usr/lib/ruby/vendor_ruby/web_console/middleware.rb:20:in `call'
actionpack (5.2.3) lib/action_dispatch/middleware/show_exceptions.rb:33:in `call'
railties (5.2.3) lib/rails/rack/logger.rb:38:in `call_app'
railties (5.2.3) lib/rails/rack/logger.rb:26:in `block in call'
activesupport (5.2.3) lib/active_support/tagged_logging.rb:71:in `block in tagged'
activesupport (5.2.3) lib/active_support/tagged_logging.rb:28:in `tagged'
activesupport (5.2.3) lib/active_support/tagged_logging.rb:71:in `tagged'
railties (5.2.3) lib/rails/rack/logger.rb:26:in `call'
/usr/lib/ruby/vendor_ruby/sprockets/rails/quiet_assets.rb:13:in `call'
actionpack (5.2.3) lib/action_dispatch/middleware/remote_ip.rb:81:in `call'
actionpack (5.2.3) lib/action_dispatch/middleware/request_id.rb:27:in `call'
/usr/lib/ruby/vendor_ruby/rack/method_override.rb:22:in `call'
/usr/lib/ruby/vendor_ruby/rack/runtime.rb:22:in `call'
activesupport (5.2.3) lib/active_support/cache/strategy/local_cache_middleware.rb:29:in `call'
actionpack (5.2.3) lib/action_dispatch/middleware/executor.rb:14:in `call'
actionpack (5.2.3) lib/action_dispatch/middleware/static.rb:127:in `call'
/usr/lib/ruby/vendor_ruby/rack/sendfile.rb:111:in `call'
railties (5.2.3) lib/rails/engine.rb:524:in `call'
/usr/lib/ruby/vendor_ruby/puma/configuration.rb:227:in `call'
/usr/lib/ruby/vendor_ruby/puma/server.rb:675:in `handle_request'
/usr/lib/ruby/vendor_ruby/puma/server.rb:476:in `process_client'
/usr/lib/ruby/vendor_ruby/puma/server.rb:334:in `block in run'
/usr/lib/ruby/vendor_ruby/puma/thread_pool.rb:135:in `block in spawn_thread'
Started GET "/manage/new" for 127.0.0.1 at 2020-09-14 14:22:12 +0530
Processing by ManageController#new as HTML
  Rendering manage/new.html.erb within layouts/application
  Rendered manage/new.html.erb within layouts/application (1.9ms)
Completed 200 OK in 33ms (Views: 31.8ms | ActiveRecord: 0.0ms)


Started POST "/manage/new" for 127.0.0.1 at 2020-09-14 14:22:16 +0530
  
ActionController::RoutingError (No route matches [POST] "/manage/new"):
  
actionpack (5.2.3) lib/action_dispatch/middleware/debug_exceptions.rb:65:in `call'
/usr/lib/ruby/vendor_ruby/web_console/middleware.rb:135:in `call_app'
/usr/lib/ruby/vendor_ruby/web_console/middleware.rb:30:in `block in call'
/usr/lib/ruby/vendor_ruby/web_console/middleware.rb:20:in `catch'
/usr/lib/ruby/vendor_ruby/web_console/middleware.rb:20:in `call'
actionpack (5.2.3) lib/action_dispatch/middleware/show_exceptions.rb:33:in `call'
railties (5.2.3) lib/rails/rack/logger.rb:38:in `call_app'
railties (5.2.3) lib/rails/rack/logger.rb:26:in `block in call'
activesupport (5.2.3) lib/active_support/tagged_logging.rb:71:in `block in tagged'
activesupport (5.2.3) lib/active_support/tagged_logging.rb:28:in `tagged'
activesupport (5.2.3) lib/active_support/tagged_logging.rb:71:in `tagged'
railties (5.2.3) lib/rails/rack/logger.rb:26:in `call'
/usr/lib/ruby/vendor_ruby/sprockets/rails/quiet_assets.rb:13:in `call'
actionpack (5.2.3) lib/action_dispatch/middleware/remote_ip.rb:81:in `call'
actionpack (5.2.3) lib/action_dispatch/middleware/request_id.rb:27:in `call'
/usr/lib/ruby/vendor_ruby/rack/method_override.rb:22:in `call'
/usr/lib/ruby/vendor_ruby/rack/runtime.rb:22:in `call'
activesupport (5.2.3) lib/active_support/cache/strategy/local_cache_middleware.rb:29:in `call'
actionpack (5.2.3) lib/action_dispatch/middleware/executor.rb:14:in `call'
actionpack (5.2.3) lib/action_dispatch/middleware/static.rb:127:in `call'
/usr/lib/ruby/vendor_ruby/rack/sendfile.rb:111:in `call'
railties (5.2.3) lib/rails/engine.rb:524:in `call'
/usr/lib/ruby/vendor_ruby/puma/configuration.rb:227:in `call'
/usr/lib/ruby/vendor_ruby/puma/server.rb:675:in `handle_request'
/usr/lib/ruby/vendor_ruby/puma/server.rb:476:in `process_client'
/usr/lib/ruby/vendor_ruby/puma/server.rb:334:in `block in run'
/usr/lib/ruby/vendor_ruby/puma/thread_pool.rb:135:in `block in spawn_thread'
Started GET "/manage/new" for 127.0.0.1 at 2020-09-14 15:41:06 +0530
Processing by ManageController#new as HTML
  Rendering manage/new.html.erb within layouts/application
  Rendered manage/new.html.erb within layouts/application (2.7ms)
Completed 200 OK in 37ms (Views: 35.3ms | ActiveRecord: 0.0ms)


Started GET "/manage" for 127.0.0.1 at 2020-09-14 15:41:10 +0530
Processing by ManageController#index as HTML
  Rendering manage/index.html.erb within layouts/application
  Rendered manage/index.html.erb within layouts/application (0.3ms)
Completed 200 OK in 48ms (Views: 46.8ms | ActiveRecord: 0.0ms)


Started GET "/manage/new" for 127.0.0.1 at 2020-09-14 15:41:15 +0530
Processing by ManageController#new as HTML
  Rendering manage/new.html.erb within layouts/application
  Rendered manage/new.html.erb within layouts/application (1.7ms)
Completed 200 OK in 60ms (Views: 59.1ms | ActiveRecord: 0.0ms)


Started POST "/manage/new" for 127.0.0.1 at 2020-09-14 15:41:24 +0530
  
ActionController::RoutingError (No route matches [POST] "/manage/new"):
  
actionpack (5.2.3) lib/action_dispatch/middleware/debug_exceptions.rb:65:in `call'
/usr/lib/ruby/vendor_ruby/web_console/middleware.rb:135:in `call_app'
/usr/lib/ruby/vendor_ruby/web_console/middleware.rb:30:in `block in call'
/usr/lib/ruby/vendor_ruby/web_console/middleware.rb:20:in `catch'
/usr/lib/ruby/vendor_ruby/web_console/middleware.rb:20:in `call'
actionpack (5.2.3) lib/action_dispatch/middleware/show_exceptions.rb:33:in `call'
railties (5.2.3) lib/rails/rack/logger.rb:38:in `call_app'
railties (5.2.3) lib/rails/rack/logger.rb:26:in `block in call'
activesupport (5.2.3) lib/active_support/tagged_logging.rb:71:in `block in tagged'
activesupport (5.2.3) lib/active_support/tagged_logging.rb:28:in `tagged'
activesupport (5.2.3) lib/active_support/tagged_logging.rb:71:in `tagged'
railties (5.2.3) lib/rails/rack/logger.rb:26:in `call'
/usr/lib/ruby/vendor_ruby/sprockets/rails/quiet_assets.rb:13:in `call'
actionpack (5.2.3) lib/action_dispatch/middleware/remote_ip.rb:81:in `call'
actionpack (5.2.3) lib/action_dispatch/middleware/request_id.rb:27:in `call'
/usr/lib/ruby/vendor_ruby/rack/method_override.rb:22:in `call'
/usr/lib/ruby/vendor_ruby/rack/runtime.rb:22:in `call'
activesupport (5.2.3) lib/active_support/cache/strategy/local_cache_middleware.rb:29:in `call'
actionpack (5.2.3) lib/action_dispatch/middleware/executor.rb:14:in `call'
actionpack (5.2.3) lib/action_dispatch/middleware/static.rb:127:in `call'
/usr/lib/ruby/vendor_ruby/rack/sendfile.rb:111:in `call'
railties (5.2.3) lib/rails/engine.rb:524:in `call'
/usr/lib/ruby/vendor_ruby/puma/configuration.rb:227:in `call'
/usr/lib/ruby/vendor_ruby/puma/server.rb:675:in `handle_request'
/usr/lib/ruby/vendor_ruby/puma/server.rb:476:in `process_client'
/usr/lib/ruby/vendor_ruby/puma/server.rb:334:in `block in run'
/usr/lib/ruby/vendor_ruby/puma/thread_pool.rb:135:in `block in spawn_thread'
Started GET "/manage/new" for 127.0.0.1 at 2020-09-14 15:53:51 +0530
Processing by ManageController#new as HTML
  Rendering manage/new.html.erb within layouts/application
  Rendered manage/new.html.erb within layouts/application (2.1ms)
Completed 200 OK in 22ms (Views: 21.1ms | ActiveRecord: 0.0ms)


Started POST "/manage/new" for 127.0.0.1 at 2020-09-14 15:54:07 +0530
  
ActionController::RoutingError (No route matches [POST] "/manage/new"):
  
actionpack (5.2.3) lib/action_dispatch/middleware/debug_exceptions.rb:65:in `call'
/usr/lib/ruby/vendor_ruby/web_console/middleware.rb:135:in `call_app'
/usr/lib/ruby/vendor_ruby/web_console/middleware.rb:30:in `block in call'
/usr/lib/ruby/vendor_ruby/web_console/middleware.rb:20:in `catch'
/usr/lib/ruby/vendor_ruby/web_console/middleware.rb:20:in `call'
actionpack (5.2.3) lib/action_dispatch/middleware/show_exceptions.rb:33:in `call'
railties (5.2.3) lib/rails/rack/logger.rb:38:in `call_app'
railties (5.2.3) lib/rails/rack/logger.rb:26:in `block in call'
activesupport (5.2.3) lib/active_support/tagged_logging.rb:71:in `block in tagged'
activesupport (5.2.3) lib/active_support/tagged_logging.rb:28:in `tagged'
activesupport (5.2.3) lib/active_support/tagged_logging.rb:71:in `tagged'
railties (5.2.3) lib/rails/rack/logger.rb:26:in `call'
/usr/lib/ruby/vendor_ruby/sprockets/rails/quiet_assets.rb:13:in `call'
actionpack (5.2.3) lib/action_dispatch/middleware/remote_ip.rb:81:in `call'
actionpack (5.2.3) lib/action_dispatch/middleware/request_id.rb:27:in `call'
/usr/lib/ruby/vendor_ruby/rack/method_override.rb:22:in `call'
/usr/lib/ruby/vendor_ruby/rack/runtime.rb:22:in `call'
activesupport (5.2.3) lib/active_support/cache/strategy/local_cache_middleware.rb:29:in `call'
actionpack (5.2.3) lib/action_dispatch/middleware/executor.rb:14:in `call'
actionpack (5.2.3) lib/action_dispatch/middleware/static.rb:127:in `call'
/usr/lib/ruby/vendor_ruby/rack/sendfile.rb:111:in `call'
railties (5.2.3) lib/rails/engine.rb:524:in `call'
/usr/lib/ruby/vendor_ruby/puma/configuration.rb:227:in `call'
/usr/lib/ruby/vendor_ruby/puma/server.rb:675:in `handle_request'
/usr/lib/ruby/vendor_ruby/puma/server.rb:476:in `process_client'
/usr/lib/ruby/vendor_ruby/puma/server.rb:334:in `block in run'
/usr/lib/ruby/vendor_ruby/puma/thread_pool.rb:135:in `block in spawn_thread'
Started POST "/manage/new" for 127.0.0.1 at 2020-09-14 16:04:21 +0530
  
ActionController::RoutingError (No route matches [POST] "/manage/new"):
  
actionpack (5.2.3) lib/action_dispatch/middleware/debug_exceptions.rb:65:in `call'
/usr/lib/ruby/vendor_ruby/web_console/middleware.rb:135:in `call_app'
/usr/lib/ruby/vendor_ruby/web_console/middleware.rb:30:in `block in call'
/usr/lib/ruby/vendor_ruby/web_console/middleware.rb:20:in `catch'
/usr/lib/ruby/vendor_ruby/web_console/middleware.rb:20:in `call'
actionpack (5.2.3) lib/action_dispatch/middleware/show_exceptions.rb:33:in `call'
railties (5.2.3) lib/rails/rack/logger.rb:38:in `call_app'
railties (5.2.3) lib/rails/rack/logger.rb:26:in `block in call'
activesupport (5.2.3) lib/active_support/tagged_logging.rb:71:in `block in tagged'
activesupport (5.2.3) lib/active_support/tagged_logging.rb:28:in `tagged'
activesupport (5.2.3) lib/active_support/tagged_logging.rb:71:in `tagged'
railties (5.2.3) lib/rails/rack/logger.rb:26:in `call'
/usr/lib/ruby/vendor_ruby/sprockets/rails/quiet_assets.rb:13:in `call'
actionpack (5.2.3) lib/action_dispatch/middleware/remote_ip.rb:81:in `call'
actionpack (5.2.3) lib/action_dispatch/middleware/request_id.rb:27:in `call'
/usr/lib/ruby/vendor_ruby/rack/method_override.rb:22:in `call'
/usr/lib/ruby/vendor_ruby/rack/runtime.rb:22:in `call'
activesupport (5.2.3) lib/active_support/cache/strategy/local_cache_middleware.rb:29:in `call'
actionpack (5.2.3) lib/action_dispatch/middleware/executor.rb:14:in `call'
actionpack (5.2.3) lib/action_dispatch/middleware/static.rb:127:in `call'
/usr/lib/ruby/vendor_ruby/rack/sendfile.rb:111:in `call'
railties (5.2.3) lib/rails/engine.rb:524:in `call'
/usr/lib/ruby/vendor_ruby/puma/configuration.rb:227:in `call'
/usr/lib/ruby/vendor_ruby/puma/server.rb:675:in `handle_request'
/usr/lib/ruby/vendor_ruby/puma/server.rb:476:in `process_client'
/usr/lib/ruby/vendor_ruby/puma/server.rb:334:in `block in run'
/usr/lib/ruby/vendor_ruby/puma/thread_pool.rb:135:in `block in spawn_thread'
